--
-- BOOLEAN
--
create table gpd1 (c1 char(1), c2 numeric, c3 numeric);
NOTICE:  Table doesn't have 'DISTRIBUTED BY' clause -- Using column named 'c1' as the Greenplum Database data distribution key for this table.
HINT:  The 'DISTRIBUTED BY' clause determines the distribution of data. Make sure column(s) chosen are the optimal data distribution key to minimize skew.
insert into gpd1 values ('a', 1, 1);
insert into gpd1 values ('a', 1, 2);
insert into gpd1 values ('b', 2, 1);
insert into gpd1 values ('b', 1, 2);
insert into gpd1 values ('c', 3, 2);
insert into gpd1 values ('c', 2, 3);
insert into gpd1 values ('d', 4, 4);
insert into gpd1 values ('d', 4, 3);
--
-- ignore
--
select c1 from gpd1;
 c1 
----
 a
 a
 c
 c
 b
 b
 d
 d
(8 rows)

--
-- order 1, 2
--
select c1, c1, c2, c3 from gpd1 order by 1,2;
 c1 | c1 | c2 | c3 
----+----+----+----
 a  | a  |  1 |  1
 a  | a  |  1 |  2
 b  | b  |  2 |  1
 b  | b  |  1 |  2
 c  | c  |  3 |  2
 c  | c  |  2 |  3
 d  | d  |  4 |  4
 d  | d  |  4 |  3
(8 rows)

--
--
select c1, c1, c2, c3 from gpd1 order by 1,2,3,4; -- order 1, 2     , 3    , 4
 c1 | c1 | c2 | c3 
----+----+----+----
 a  | a  |  1 |  1
 a  | a  |  1 |  2
 b  | b  |  1 |  2
 b  | b  |  2 |  1
 c  | c  |  2 |  3
 c  | c  |  3 |  2
 d  | d  |  4 |  3
 d  | d  |  4 |  4
(8 rows)

--
-- ignore
-- order 1, 2
--
select c1, c1, c2, c3 from gpd1 order by 1,2;
 c1 | c1 | c2 | c3 
----+----+----+----
 a  | a  |  1 |  1
 a  | a  |  1 |  2
 b  | b  |  2 |  1
 b  | b  |  1 |  2
 c  | c  |  3 |  2
 c  | c  |  2 |  3
 d  | d  |  4 |  4
 d  | d  |  4 |  3
(8 rows)

--
--  mvd 2,3->1 ; 2,3->4,5
-- order 4
--
select c1, c2, c3, c1, c1, c2 from gpd1 order by 4;
 c1 | c2 | c3 | c1 | c1 | c2 
----+----+----+----+----+----
 a  |  1 |  1 | a  | a  |  1
 a  |  1 |  2 | a  | a  |  1
 b  |  2 |  1 | b  | b  |  2
 b  |  1 |  2 | b  | b  |  1
 c  |  3 |  2 | c  | c  |  3
 c  |  2 |  3 | c  | c  |  2
 d  |  4 |  4 | d  | d  |  4
 d  |  4 |  3 | d  | d  |  4
(8 rows)

--  Brian: the contents of column 1 are not determined by any other 
--  column -- the column "specifies itself"
--
--  mvd 1->1
--
select row_number() over (), c1, c2, c3 from gpd1;
 row_number | c1 | c2 | c3 
------------+----+----+----
          1 | a  |  1 |  1
          2 | a  |  1 |  2
          3 | c  |  3 |  2
          4 | c  |  2 |  3
          5 | b  |  2 |  1
          6 | b  |  1 |  2
          7 | d  |  4 |  4
          8 | d  |  4 |  3
(8 rows)

-- Brian: 1 specifies 2
--  
--
    select -- mvd 1 -> 2
        x,
        row_number() over (partition by x) as y,
        z 
    from (values (1,'A'),(1,'B'),(2,'C'),(2,'D')) r(x,z);
 x | y | z 
---+---+---
 2 | 1 | C
 2 | 2 | D
 1 | 1 | A
 1 | 2 | B
(4 rows)

-- start_ignore
--
-- whatever is here is ignored until we reach end_ignore
--
-- end_ignore
--
--
-- explain testing
--
set gp_segments_for_planner=4;
set gp_cost_hashjoin_chainwalk=on;
explain analyze select a.* from gpd1 as a, gpd1 as b where b.c1 in (select max(c1) from gpd1);
                                                                                     QUERY PLAN                                                                                      
-------------------------------------------------------------------------------------------------------------------------------------------------------------------------------------
 Gather Motion 2:1  (slice4; segments: 2)  (cost=2.18..3.66 rows=2 width=16)
   Rows out:  16 rows at destination with 62 ms to end, start offset by 28 ms.
   ->  Nested Loop  (cost=2.18..3.66 rows=2 width=16)
         Rows out:  Avg 8.0 rows x 2 workers.  Max 8 rows (seg0) with 47 ms to first row, 60 ms to end, start offset by 29 ms.
         ->  Broadcast Motion 2:2  (slice3; segments: 2)  (cost=1.17..2.39 rows=7 width=0)
               Rows out:  Avg 2.0 rows x 2 workers at destination.  Max 2 rows (seg0) with 47 ms to first row, 60 ms to end, start offset by 29 ms.
               ->  Hash EXISTS Join  (cost=1.17..2.22 rows=2 width=0)
                     Hash Cond: b.c1 = "IN_subquery".max
                     Rows out:  2 rows (seg1) with 42 ms to first row, 44 ms to end, start offset by 32 ms.
                     Executor memory:  1K bytes.
                     Work_mem used:  1K bytes.
                     (seg1)   Hash chain length 1.0 avg, 1 max, using 1 of 262151 buckets.
                     ->  Seq Scan on gpd1 b  (cost=0.00..1.01 rows=1 width=2)
                           Rows out:  4 rows (seg1) with 0.250 ms to first row, 0.256 ms to end, start offset by 74 ms.
                     ->  Hash  (cost=1.16..1.16 rows=1 width=32)
                           Rows in:  1 rows (seg1) with 0.085 ms to end, start offset by 74 ms.
                           ->  Redistribute Motion 1:2  (slice2; segments: 1)  (cost=1.09..1.16 rows=1 width=32)
                                 Hash Key: "IN_subquery".max
                                 Rows out:  1 rows at destination (seg1) with 0.060 ms to first row, 0.061 ms to end, start offset by 74 ms.
                                 ->  Aggregate  (cost=1.09..1.10 rows=1 width=2)
                                       Rows out:  1 rows with 0.117 ms to end, start offset by 38 ms.
                                       Executor memory:  8K bytes.
                                       ->  Gather Motion 2:1  (slice1; segments: 2)  (cost=1.01..1.07 rows=1 width=2)
                                             Rows out:  2 rows at destination with 0.038 ms to first row, 0.043 ms to end, start offset by 38 ms.
                                             ->  Aggregate  (cost=1.01..1.02 rows=1 width=2)
                                                   Rows out:  Avg 1.0 rows x 2 workers.  Max 1 rows (seg0) with 1.366 ms to first row, 1.367 ms to end, start offset by 33 ms.
                                                   Executor memory:  8K bytes avg, 8K bytes max (seg0).
                                                   ->  Seq Scan on gpd1  (cost=0.00..1.01 rows=1 width=2)
                                                         Rows out:  Avg 4.0 rows x 2 workers.  Max 4 rows (seg0) with 1.275 ms to first row, 1.281 ms to end, start offset by 33 ms.
         ->  Materialize  (cost=1.01..1.02 rows=1 width=16)
               Rows out:  Avg 8.0 rows x 2 workers.  Max 8 rows (seg0) with 0.189 ms to first row, 0.200 ms to end of 2 scans, start offset by 77 ms.
               ->  Seq Scan on gpd1 a  (cost=0.00..1.01 rows=1 width=16)
                     Rows out:  Avg 4.0 rows x 2 workers.  Max 4 rows (seg0) with 0.136 ms to first row, 0.141 ms to end, start offset by 77 ms.
 Slice statistics:
   (slice0)    Executor memory: 274K bytes.
   (slice1)    Executor memory: 192K bytes avg x 2 workers, 192K bytes max (seg0).
   (slice2)    Executor memory: 247K bytes (seg0).
   (slice3)    Executor memory: 3307K bytes avg x 2 workers, 3319K bytes max (seg1).  Work_mem: 1K bytes max.
   (slice4)    Executor memory: 160K bytes avg x 2 workers, 160K bytes max (seg0).
 Statement statistics:
   Memory used: 128000K bytes
 Settings:  gp_cost_hashjoin_chainwalk=on; gp_segments_for_planner=4
 Total runtime: 123.456 ms
(43 rows)

explain select a.* from gpd1 as a, gpd1 as b where b.c1 in (select max(c1) from gpd1);
                                                      QUERY PLAN                                                      
----------------------------------------------------------------------------------------------------------------------
 Gather Motion 2:1  (slice4; segments: 2)  (cost=2.18..3.66 rows=2 width=16)
   ->  Nested Loop  (cost=2.18..3.66 rows=2 width=16)
         ->  Broadcast Motion 2:2  (slice3; segments: 2)  (cost=1.17..2.39 rows=7 width=0)
               ->  Hash EXISTS Join  (cost=1.17..2.22 rows=2 width=0)
                     Hash Cond: b.c1 = "IN_subquery".max
                     ->  Seq Scan on gpd1 b  (cost=0.00..1.01 rows=1 width=2)
                     ->  Hash  (cost=1.16..1.16 rows=1 width=32)
                           ->  Redistribute Motion 1:2  (slice2; segments: 1)  (cost=1.09..1.16 rows=1 width=32)
                                 Hash Key: "IN_subquery".max
                                 ->  Aggregate  (cost=1.09..1.10 rows=1 width=2)
                                       ->  Gather Motion 2:1  (slice1; segments: 2)  (cost=1.01..1.07 rows=1 width=2)
                                             ->  Aggregate  (cost=1.01..1.02 rows=1 width=2)
                                                   ->  Seq Scan on gpd1  (cost=0.00..1.01 rows=1 width=2)
         ->  Materialize  (cost=1.01..1.02 rows=1 width=16)
               ->  Seq Scan on gpd1 a  (cost=0.00..1.01 rows=1 width=16)
 Settings:  gp_cost_hashjoin_chainwalk=on; gp_segments_for_planner=4
(16 rows)

select a.* from gpd1 as a, gpd1 as b where b.c1 in (select max(c1) from gpd1);
 c1 | c2 | c3 
----+----+----
 a  |  1 |  1
 a  |  1 |  2
 c  |  3 |  2
 c  |  2 |  3
 a  |  1 |  1
 a  |  1 |  2
 c  |  3 |  2
 c  |  2 |  3
 b  |  2 |  1
 b  |  1 |  2
 d  |  4 |  4
 d  |  4 |  3
 b  |  2 |  1
 b  |  1 |  2
 d  |  4 |  4
 d  |  4 |  3
(16 rows)

set gp_segments_for_planner=40;
explain select a.* from gpd1 as a, gpd1 as b where b.c1 in (select max(c1) from gpd1);
                                                      QUERY PLAN                                                      
----------------------------------------------------------------------------------------------------------------------
 Gather Motion 2:1  (slice4; segments: 2)  (cost=2.90..7.97 rows=2 width=16)
   ->  Nested Loop  (cost=2.90..7.97 rows=2 width=16)
         ->  Broadcast Motion 2:2  (slice3; segments: 2)  (cost=1.89..4.30 rows=67 width=0)
               ->  Hash EXISTS Join  (cost=1.89..2.94 rows=2 width=0)
                     Hash Cond: b.c1 = "IN_subquery".max
                     ->  Seq Scan on gpd1 b  (cost=0.00..1.01 rows=1 width=2)
                     ->  Hash  (cost=1.88..1.88 rows=1 width=32)
                           ->  Redistribute Motion 1:2  (slice2; segments: 1)  (cost=1.45..1.88 rows=1 width=32)
                                 Hash Key: "IN_subquery".max
                                 ->  Aggregate  (cost=1.45..1.46 rows=1 width=2)
                                       ->  Gather Motion 2:1  (slice1; segments: 2)  (cost=1.01..1.44 rows=1 width=2)
                                             ->  Aggregate  (cost=1.01..1.02 rows=1 width=2)
                                                   ->  Seq Scan on gpd1  (cost=0.00..1.01 rows=1 width=2)
         ->  Materialize  (cost=1.01..1.02 rows=1 width=16)
               ->  Seq Scan on gpd1 a  (cost=0.00..1.01 rows=1 width=16)
 Settings:  gp_cost_hashjoin_chainwalk=on; gp_segments_for_planner=40
(16 rows)

select a.* from gpd1 as a, gpd1 as b where b.c1 in (select max(c1) from gpd1);
 c1 | c2 | c3 
----+----+----
 a  |  1 |  1
 a  |  1 |  2
 c  |  3 |  2
 c  |  2 |  3
 a  |  1 |  1
 a  |  1 |  2
 c  |  3 |  2
 c  |  2 |  3
 b  |  2 |  1
 b  |  1 |  2
 d  |  4 |  4
 d  |  4 |  3
 b  |  2 |  1
 b  |  1 |  2
 d  |  4 |  4
 d  |  4 |  3
(16 rows)

-- start_ignore
-- ignore an explain
explain analyze select a.* from gpd1 as a, gpd1 as b where b.c1 in (select max(c1) from gpd1);
                                                                                       QUERY PLAN                                                                                       
----------------------------------------------------------------------------------------------------------------------------------------------------------------------------------------
 Gather Motion 2:1  (slice4; segments: 2)  (cost=2.90..7.97 rows=2 width=16)
   Rows out:  16 rows at destination with 16 ms to first row, 17 ms to end, start offset by 1.706 ms.
   ->  Nested Loop  (cost=2.90..7.97 rows=2 width=16)
         Rows out:  Avg 8.0 rows x 2 workers.  Max 8 rows (seg0) with 15 ms to first row, 16 ms to end, start offset by 2.302 ms.
         ->  Broadcast Motion 2:2  (slice3; segments: 2)  (cost=1.89..4.30 rows=67 width=0)
               Rows out:  Avg 2.0 rows x 2 workers at destination.  Max 2 rows (seg0) with 15 ms to end, start offset by 2.303 ms.
               ->  Hash EXISTS Join  (cost=1.89..2.94 rows=2 width=0)
                     Hash Cond: b.c1 = "IN_subquery".max
                     Rows out:  2 rows (seg1) with 9.113 ms to first row, 13 ms to end, start offset by 3.826 ms.
                     Executor memory:  1K bytes.
                     Work_mem used:  1K bytes.
                     (seg1)   Hash chain length 1.0 avg, 1 max, using 1 of 262151 buckets.
                     ->  Seq Scan on gpd1 b  (cost=0.00..1.01 rows=1 width=2)
                           Rows out:  4 rows (seg1) with 0.186 ms to first row, 0.194 ms to end, start offset by 13 ms.
                     ->  Hash  (cost=1.88..1.88 rows=1 width=32)
                           Rows in:  1 rows (seg1) with 0.105 ms to end, start offset by 13 ms.
                           ->  Redistribute Motion 1:2  (slice2; segments: 1)  (cost=1.45..1.88 rows=1 width=32)
                                 Hash Key: "IN_subquery".max
                                 Rows out:  1 rows at destination (seg1) with 0.084 ms to end, start offset by 13 ms.
                                 ->  Aggregate  (cost=1.45..1.46 rows=1 width=2)
                                       Rows out:  1 rows with 2.296 ms to end, start offset by 3.890 ms.
                                       Executor memory:  8K bytes.
                                       ->  Gather Motion 2:1  (slice1; segments: 2)  (cost=1.01..1.44 rows=1 width=2)
                                             Rows out:  2 rows at destination with 2.204 ms to first row, 2.254 ms to end, start offset by 3.892 ms.
                                             ->  Aggregate  (cost=1.01..1.02 rows=1 width=2)
                                                   Rows out:  Avg 1.0 rows x 2 workers.  Max 1 rows (seg0) with 0.113 ms to first row, 0.114 ms to end, start offset by 5.807 ms.
                                                   Executor memory:  8K bytes avg, 8K bytes max (seg0).
                                                   ->  Seq Scan on gpd1  (cost=0.00..1.01 rows=1 width=2)
                                                         Rows out:  Avg 4.0 rows x 2 workers.  Max 4 rows (seg0) with 0.082 ms to first row, 0.089 ms to end, start offset by 5.807 ms.
         ->  Materialize  (cost=1.01..1.02 rows=1 width=16)
               Rows out:  Avg 8.0 rows x 2 workers.  Max 8 rows (seg0) with 0.315 ms to first row, 1.002 ms to end of 2 scans, start offset by 18 ms.
               ->  Seq Scan on gpd1 a  (cost=0.00..1.01 rows=1 width=16)
                     Rows out:  Avg 4.0 rows x 2 workers.  Max 4 rows (seg0) with 0.043 ms to first row, 0.054 ms to end, start offset by 17 ms.
 Slice statistics:
   (slice0)    Executor memory: 274K bytes.
   (slice1)    Executor memory: 192K bytes avg x 2 workers, 192K bytes max (seg0).
   (slice2)    Executor memory: 247K bytes (seg0).
   (slice3)    Executor memory: 3307K bytes avg x 2 workers, 3319K bytes max (seg1).  Work_mem: 1K bytes max.
   (slice4)    Executor memory: 160K bytes avg x 2 workers, 160K bytes max (seg0).
 Statement statistics:
   Memory used: 128000K bytes
 Settings:  gp_cost_hashjoin_chainwalk=on; gp_segments_for_planner=40
 Total runtime: 19.423 ms
(43 rows)

-- end_ignore
--
-- start_equiv
--
-- order 1
select c1 from gpd1 order by 1;
 c1 
----
 a
 a
 b
 b
 c
 c
 d
 d
(8 rows)

--
--
select c1 from gpd1 ;
 c1 
----
 b
 b
 d
 d
 a
 a
 c
 c
(8 rows)

--
--end_equiv
--
--
--
-- Clean up
--
DROP TABLE  gpd1;
-- start_matchsubs
--
-- # create a match/subs expression to handle a value which always changes
--
-- # use zero-width negative look-behind assertion to match "gpmatchsubs1"
-- # that does not follow substring
--
-- m/(?<!substring..)gpmatchsubs1/
-- s/gpmatchsubs1.*/happy sub1/
--
-- m/(?<!substring..)gpmatchsubs2/
-- s/gpmatchsubs2.*/happy sub2/
--
-- end_matchsubs
-- substitute constant values for results
-- use substring because length of time string varies which changes output
select substring('gpmatchsubs1' || now(), 1,  25);
         substring         
---------------------------
 gpmatchsubs1Mon Feb 28 18
(1 row)

select substring('gpmatchsubs2' || now(), 1,  25);
         substring         
---------------------------
 gpmatchsubs2Mon Feb 28 18
(1 row)

-- start_matchignore
--
-- # create a match expression to handle a value which always changes
--
-- m/(?<!substring..)gpmatchignore1/
-- m/(?<!substring..)gpmatchignore2/
--
-- end_matchignore
-- just ignore the results
select substring('gpmatchignore1' || now(), 1,  25);
         substring         
---------------------------
 gpmatchignore1Mon Feb 28 
(1 row)

select substring('gpmatchignore2' || now(), 1,  25);
         substring         
---------------------------
 gpmatchignore2Mon Feb 28 
(1 row)

-- 
